Build started 26.03.2012 4:31:01.
     1>Project "D:\Dropbox\GlobalLogic\Projects\WebCheckers\23.03\Win32WebCheckers3\Win32WebCheckers3\Win32WebCheckers3.vcxproj" on node 2 (build target(s)).
     1>InitializeBuildStatus:
         Creating "Debug\Win32WebCheckers3.unsuccessfulbuild" because "AlwaysCreate" was specified.
       ClCompile:
         All outputs are up-to-date.
         C:\Program Files (x86)\Microsoft Visual Studio 10.0\VC\bin\CL.exe /c /ZI /nologo /W3 /WX- /Od /Oy- /D WIN32 /D _DEBUG /D _WINDOWS /D _MBCS /Gm /EHsc /RTC1 /MDd /GS /fp:precise /Zc:wchar_t /Zc:forScope /Yu"StdAfx.h" /Fp"Debug\Win32WebCheckers3.pch" /Fo"Debug\\" /Fd"Debug\vc100.pdb" /Gd /TP /analyze- /errorReport:prompt Field.cpp UserInterface.cpp
         UserInterface.cpp
     1>d:\dropbox\globallogic\projects\webcheckers\23.03\win32webcheckers3\win32webcheckers3\cell.h(32): warning C4800: 'int' : forcing value to bool 'true' or 'false' (performance warning)
     1>d:\dropbox\globallogic\projects\webcheckers\23.03\win32webcheckers3\win32webcheckers3\userinterface.cpp(215): warning C4101: 'y' : unreferenced local variable
     1>d:\dropbox\globallogic\projects\webcheckers\23.03\win32webcheckers3\win32webcheckers3\userinterface.cpp(215): warning C4101: 'x' : unreferenced local variable
     1>d:\dropbox\globallogic\projects\webcheckers\23.03\win32webcheckers3\win32webcheckers3\userinterface.cpp(277): warning C4244: 'argument' : conversion from 'LONG' to 'byte', possible loss of data
     1>d:\dropbox\globallogic\projects\webcheckers\23.03\win32webcheckers3\win32webcheckers3\userinterface.cpp(277): warning C4244: 'argument' : conversion from 'LONG' to 'byte', possible loss of data
         Field.cpp
     1>d:\dropbox\globallogic\projects\webcheckers\23.03\win32webcheckers3\win32webcheckers3\cell.h(32): warning C4800: 'int' : forcing value to bool 'true' or 'false' (performance warning)
     1>d:\dropbox\globallogic\projects\webcheckers\23.03\win32webcheckers3\win32webcheckers3\field.cpp(234): warning C4018: '<' : signed/unsigned mismatch
         Generating Code...
     1>d:\dropbox\globallogic\projects\webcheckers\23.03\win32webcheckers3\win32webcheckers3\field.cpp(58): warning C4715: 'Field::Initialize' : not all control paths return a value
       ResourceCompile:
         All outputs are up-to-date.
       ManifestResourceCompile:
         All outputs are up-to-date.
       Link:
         C:\Program Files (x86)\Microsoft Visual Studio 10.0\VC\bin\link.exe /ERRORREPORT:PROMPT /OUT:"D:\Dropbox\GlobalLogic\Projects\WebCheckers\23.03\Win32WebCheckers3\Debug\Win32WebCheckers3.exe" /INCREMENTAL /NOLOGO kernel32.lib user32.lib gdi32.lib winspool.lib comdlg32.lib advapi32.lib shell32.lib ole32.lib oleaut32.lib uuid.lib odbc32.lib odbccp32.lib /MANIFEST /ManifestFile:"Debug\Win32WebCheckers3.exe.intermediate.manifest" /MANIFESTUAC:"level='asInvoker' uiAccess='false'" /DEBUG /PDB:"D:\Dropbox\GlobalLogic\Projects\WebCheckers\23.03\Win32WebCheckers3\Debug\Win32WebCheckers3.pdb" /SUBSYSTEM:WINDOWS /TLBID:1 /DYNAMICBASE /NXCOMPAT /IMPLIB:"D:\Dropbox\GlobalLogic\Projects\WebCheckers\23.03\Win32WebCheckers3\Debug\Win32WebCheckers3.lib" /MACHINE:X86 Debug\Win32WebCheckers3.res
         Debug\Win32WebCheckers3.exe.embed.manifest.res
         Debug\Cell.obj
         Debug\List.obj
         Debug\Client.obj
         Debug\Field.obj
         Debug\Game.obj
         Debug\Server.obj
         Debug\stdafx.obj
         Debug\UserInterface.obj
         Debug\Win32WebCheckers3.obj
       Manifest:
         C:\Program Files (x86)\Microsoft SDKs\Windows\v7.0A\bin\mt.exe /nologo /verbose /out:"Debug\Win32WebCheckers3.exe.embed.manifest" /manifest Debug\Win32WebCheckers3.exe.intermediate.manifest
         All outputs are up-to-date.
       LinkEmbedManifest:
         All outputs are up-to-date.
         Win32WebCheckers3.vcxproj -> D:\Dropbox\GlobalLogic\Projects\WebCheckers\23.03\Win32WebCheckers3\Debug\Win32WebCheckers3.exe
       FinalizeBuildStatus:
         Deleting file "Debug\Win32WebCheckers3.unsuccessfulbuild".
         Touching "Debug\Win32WebCheckers3.lastbuildstate".
     1>Done Building Project "D:\Dropbox\GlobalLogic\Projects\WebCheckers\23.03\Win32WebCheckers3\Win32WebCheckers3\Win32WebCheckers3.vcxproj" (build target(s)).

Build succeeded.

Time Elapsed 00:00:01.66
